<?xml version="1.0" encoding="UTF-8"?>
<coverage generated="1637337960732" clover="3.2.0">
  <project timestamp="1637337960732" name="All files">
    <metrics statements="24" coveredstatements="21" conditionals="12" coveredconditionals="11" methods="8" coveredmethods="6" elements="44" coveredelements="38" complexity="0" loc="24" ncloc="24" packages="1" files="2" classes="2"/>
    <file name="game.jsx" path="E:\web\1030510063_BS436_WebProgramlama\odev04\src\game.jsx">
      <metrics statements="22" coveredstatements="21" conditionals="12" coveredconditionals="11" methods="7" coveredmethods="6"/>
      <line num="5" count="3" type="stmt"/>
      <line num="6" count="3" type="stmt"/>
      <line num="16" count="3" type="stmt"/>
      <line num="17" count="6" type="stmt"/>
      <line num="19" count="6" type="cond" truecount="1" falsecount="1"/>
      <line num="20" count="6" type="stmt"/>
      <line num="23" count="6" type="cond" truecount="2" falsecount="0"/>
      <line num="24" count="3" type="stmt"/>
      <line num="25" count="3" type="stmt"/>
      <line num="27" count="3" type="stmt"/>
      <line num="28" count="3" type="cond" truecount="2" falsecount="0"/>
      <line num="29" count="1" type="stmt"/>
      <line num="32" count="6" type="stmt"/>
      <line num="38" count="6" type="cond" truecount="2" falsecount="0"/>
      <line num="39" count="4" type="stmt"/>
      <line num="47" count="3" type="stmt"/>
      <line num="48" count="2" type="stmt"/>
      <line num="58" count="11" type="stmt"/>
      <line num="59" count="11" type="stmt"/>
      <line num="63" count="4" type="stmt"/>
      <line num="64" count="2" type="stmt"/>
      <line num="65" count="0" type="stmt"/>
    </file>
    <file name="index.jsx" path="E:\web\1030510063_BS436_WebProgramlama\odev04\src\index.jsx">
      <metrics statements="2" coveredstatements="0" conditionals="0" coveredconditionals="0" methods="1" coveredmethods="0"/>
      <line num="8" count="0" type="stmt"/>
      <line num="15" count="0" type="stmt"/>
    </file>
  </project>
</coverage>
