TN:
SF:src\game.jsx
FN:4,(anonymous_0)
FN:16,(anonymous_1)
FN:47,(anonymous_2)
FN:57,(anonymous_3)
FN:63,(anonymous_4)
FN:64,(anonymous_5)
FN:65,(anonymous_6)
FNF:7
FNH:6
FNDA:3,(anonymous_0)
FNDA:6,(anonymous_1)
FNDA:2,(anonymous_2)
FNDA:11,(anonymous_3)
FNDA:4,(anonymous_4)
FNDA:2,(anonymous_5)
FNDA:0,(anonymous_6)
DA:5,3
DA:6,3
DA:16,3
DA:17,6
DA:19,6
DA:20,6
DA:23,6
DA:24,3
DA:25,3
DA:27,3
DA:28,3
DA:29,1
DA:32,6
DA:38,6
DA:39,4
DA:47,3
DA:48,2
DA:58,11
DA:59,11
DA:63,4
DA:64,2
DA:65,0
LF:22
LH:21
BRDA:19,0,0,6
BRDA:19,0,1,0
BRDA:23,1,0,3
BRDA:23,1,1,3
BRDA:28,2,0,1
BRDA:28,2,1,2
BRDA:38,3,0,4
BRDA:38,3,1,2
BRDA:67,4,0,4
BRDA:67,4,1,7
BRDA:68,5,0,11
BRDA:68,5,1,4
BRF:12
BRH:11
end_of_record
TN:
SF:src\index.jsx
FN:7,(anonymous_0)
FNF:1
FNH:0
FNDA:0,(anonymous_0)
DA:8,0
DA:15,0
LF:2
LH:0
BRF:0
BRH:0
end_of_record
