{"E:\\web\\1030510063_BS436_WebProgramlama\\odev04\\src\\game.jsx": {"path":"E:\\web\\1030510063_BS436_WebProgramlama\\odev04\\src\\game.jsx","statementMap":{"0":{"start":{"line":5,"column":8},"end":{"line":5,"column":21}},"1":{"start":{"line":6,"column":8},"end":{"line":12,"column":9}},"2":{"start":{"line":16,"column":14},"end":{"line":45,"column":5}},"3":{"start":{"line":17,"column":61},"end":{"line":17,"column":71}},"4":{"start":{"line":19,"column":8},"end":{"line":44,"column":9}},"5":{"start":{"line":20,"column":25},"end":{"line":20,"column":34}},"6":{"start":{"line":23,"column":8},"end":{"line":31,"column":9}},"7":{"start":{"line":24,"column":12},"end":{"line":24,"column":45}},"8":{"start":{"line":25,"column":12},"end":{"line":25,"column":35}},"9":{"start":{"line":27,"column":12},"end":{"line":27,"column":47}},"10":{"start":{"line":28,"column":12},"end":{"line":30,"column":13}},"11":{"start":{"line":29,"column":16},"end":{"line":29,"column":40}},"12":{"start":{"line":32,"column":8},"end":{"line":36,"column":11}},"13":{"start":{"line":38,"column":8},"end":{"line":42,"column":9}},"14":{"start":{"line":39,"column":12},"end":{"line":41,"column":14}},"15":{"start":{"line":47,"column":15},"end":{"line":55,"column":5}},"16":{"start":{"line":48,"column":8},"end":{"line":54,"column":10}},"17":{"start":{"line":58,"column":32},"end":{"line":58,"column":42}},"18":{"start":{"line":59,"column":8},"end":{"line":73,"column":10}},"19":{"start":{"line":63,"column":54},"end":{"line":63,"column":69}},"20":{"start":{"line":64,"column":54},"end":{"line":64,"column":69}},"21":{"start":{"line":65,"column":54},"end":{"line":65,"column":69}}},"fnMap":{"0":{"name":"(anonymous_0)","decl":{"start":{"line":4,"column":4},"end":{"line":4,"column":5}},"loc":{"start":{"line":4,"column":23},"end":{"line":13,"column":5}},"line":4},"1":{"name":"(anonymous_1)","decl":{"start":{"line":16,"column":14},"end":{"line":16,"column":15}},"loc":{"start":{"line":16,"column":25},"end":{"line":45,"column":5}},"line":16},"2":{"name":"(anonymous_2)","decl":{"start":{"line":47,"column":15},"end":{"line":47,"column":16}},"loc":{"start":{"line":47,"column":21},"end":{"line":55,"column":5}},"line":47},"3":{"name":"(anonymous_3)","decl":{"start":{"line":57,"column":4},"end":{"line":57,"column":5}},"loc":{"start":{"line":57,"column":12},"end":{"line":74,"column":5}},"line":57},"4":{"name":"(anonymous_4)","decl":{"start":{"line":63,"column":49},"end":{"line":63,"column":50}},"loc":{"start":{"line":63,"column":53},"end":{"line":63,"column":70}},"line":63},"5":{"name":"(anonymous_5)","decl":{"start":{"line":64,"column":49},"end":{"line":64,"column":50}},"loc":{"start":{"line":64,"column":53},"end":{"line":64,"column":70}},"line":64},"6":{"name":"(anonymous_6)","decl":{"start":{"line":65,"column":49},"end":{"line":65,"column":50}},"loc":{"start":{"line":65,"column":53},"end":{"line":65,"column":70}},"line":65}},"branchMap":{"0":{"loc":{"start":{"line":19,"column":8},"end":{"line":44,"column":9}},"type":"if","locations":[{"start":{"line":19,"column":8},"end":{"line":44,"column":9}},{"start":{"line":19,"column":8},"end":{"line":44,"column":9}}],"line":19},"1":{"loc":{"start":{"line":23,"column":8},"end":{"line":31,"column":9}},"type":"if","locations":[{"start":{"line":23,"column":8},"end":{"line":31,"column":9}},{"start":{"line":23,"column":8},"end":{"line":31,"column":9}}],"line":23},"2":{"loc":{"start":{"line":28,"column":12},"end":{"line":30,"column":13}},"type":"if","locations":[{"start":{"line":28,"column":12},"end":{"line":30,"column":13}},{"start":{"line":28,"column":12},"end":{"line":30,"column":13}}],"line":28},"3":{"loc":{"start":{"line":38,"column":8},"end":{"line":42,"column":9}},"type":"if","locations":[{"start":{"line":38,"column":8},"end":{"line":42,"column":9}},{"start":{"line":38,"column":8},"end":{"line":42,"column":9}}],"line":38},"4":{"loc":{"start":{"line":67,"column":12},"end":{"line":67,"column":79}},"type":"cond-expr","locations":[{"start":{"line":67,"column":18},"end":{"line":67,"column":23}},{"start":{"line":67,"column":24},"end":{"line":67,"column":79}}],"line":67},"5":{"loc":{"start":{"line":68,"column":9},"end":{"line":70,"column":12}},"type":"binary-expr","locations":[{"start":{"line":68,"column":9},"end":{"line":68,"column":14}},{"start":{"line":68,"column":18},"end":{"line":70,"column":12}}],"line":68}},"s":{"0":3,"1":3,"2":3,"3":6,"4":6,"5":6,"6":6,"7":3,"8":3,"9":3,"10":3,"11":1,"12":6,"13":6,"14":4,"15":3,"16":2,"17":11,"18":11,"19":4,"20":2,"21":0},"f":{"0":3,"1":6,"2":2,"3":11,"4":4,"5":2,"6":0},"b":{"0":[6,0],"1":[3,3],"2":[1,2],"3":[4,2],"4":[4,7],"5":[11,4]},"_coverageSchema":"1a1c01bbd47fc00a2c39e90264f33305004495a9","hash":"5fae3e147c147e42e21d5024f783f13c357a2fe0"}
,"E:\\web\\1030510063_BS436_WebProgramlama\\odev04\\src\\index.jsx": {"path":"E:\\web\\1030510063_BS436_WebProgramlama\\odev04\\src\\index.jsx","statementMap":{"0":{"start":{"line":8,"column":7},"end":{"line":12,"column":8}},"1":{"start":{"line":15,"column":0},"end":{"line":15,"column":58}}},"fnMap":{"0":{"name":"(anonymous_0)","decl":{"start":{"line":7,"column":3},"end":{"line":7,"column":4}},"loc":{"start":{"line":7,"column":12},"end":{"line":13,"column":4}},"line":7}},"branchMap":{},"s":{"0":0,"1":0},"f":{"0":0},"b":{}}
}
